  Animation.c
  AnimationState.c
  AnimationStateData.c
  Atlas.c
  AtlasAttachmentLoader.c
  Attachment.c
  AttachmentLoader.c
  Bone.c
  BoneData.c
  BoundingBoxAttachment.c
  Event.c
  EventData.c
  extension.c
  IkConstraint.c
  IkConstraintData.c
  Json.c
  MeshAttachment.c
  PathAttachment.c
  PathConstraint.c
  PathConstraintData.c
  RegionAttachment.c
  Skeleton.c
  SkeletonBinary.c
  SkeletonBounds.c
  SkeletonData.c
c:\cocos2d-x_project\editorcocos\cocos2d\cocos\editor-support\spine\skeletonbinary.c(294): warning C4018: '<': signed と unsigned の数値を比較しようとしました。
c:\cocos2d-x_project\editorcocos\cocos2d\cocos\editor-support\spine\skeletonbinary.c(357): warning C4018: '<': signed と unsigned の数値を比較しようとしました。
c:\cocos2d-x_project\editorcocos\cocos2d\cocos\editor-support\spine\skeletonbinary.c(469): warning C4018: '<': signed と unsigned の数値を比較しようとしました。
  SkeletonJson.c
  Skin.c
  Slot.c
  SlotData.c
  TransformConstraint.c
  TransformConstraintData.c
  VertexAttachment.c
  AttachmentVertices.cpp
  Cocos2dAttachmentLoader.cpp
  SkeletonAnimation.cpp
  SkeletonBatch.cpp
c:\cocos2d-x_project\editorcocos\cocos2d\cocos\base\ccutf8.h : warning C4819: ファイルは、現在のコード ページ (932) で表示できない文字を含んでいます。データの損失を防ぐために、ファイルを Unicode 形式で保存してください。 (ソース ファイルをコンパイルしています ..\SkeletonAnimation.cpp)
c:\cocos2d-x_project\editorcocos\cocos2d\cocos\base\ccutf8.h : warning C4819: ファイルは、現在のコード ページ (932) で表示できない文字を含んでいます。データの損失を防ぐために、ファイルを Unicode 形式で保存してください。 (ソース ファイルをコンパイルしています ..\Cocos2dAttachmentLoader.cpp)
c:\cocos2d-x_project\editorcocos\cocos2d\cocos\base\ccutf8.h : warning C4819: ファイルは、現在のコード ページ (932) で表示できない文字を含んでいます。データの損失を防ぐために、ファイルを Unicode 形式で保存してください。 (ソース ファイルをコンパイルしています ..\AttachmentVertices.cpp)
c:\cocos2d-x_project\editorcocos\cocos2d\cocos\base\ccutf8.h : warning C4819: ファイルは、現在のコード ページ (932) で表示できない文字を含んでいます。データの損失を防ぐために、ファイルを Unicode 形式で保存してください。 (ソース ファイルをコンパイルしています ..\SkeletonBatch.cpp)
c:\cocos2d-x_project\editorcocos\cocos2d\cocos\platform\ccsaxparser.h : warning C4819: ファイルは、現在のコード ページ (932) で表示できない文字を含んでいます。データの損失を防ぐために、ファイルを Unicode 形式で保存してください。 (ソース ファイルをコンパイルしています ..\SkeletonAnimation.cpp)
c:\cocos2d-x_project\editorcocos\cocos2d\cocos\platform\ccsaxparser.h : warning C4819: ファイルは、現在のコード ページ (932) で表示できない文字を含んでいます。データの損失を防ぐために、ファイルを Unicode 形式で保存してください。 (ソース ファイルをコンパイルしています ..\Cocos2dAttachmentLoader.cpp)
c:\cocos2d-x_project\editorcocos\cocos2d\cocos\platform\ccsaxparser.h : warning C4819: ファイルは、現在のコード ページ (932) で表示できない文字を含んでいます。データの損失を防ぐために、ファイルを Unicode 形式で保存してください。 (ソース ファイルをコンパイルしています ..\AttachmentVertices.cpp)
c:\cocos2d-x_project\editorcocos\cocos2d\cocos\platform\ccsaxparser.h : warning C4819: ファイルは、現在のコード ページ (932) で表示できない文字を含んでいます。データの損失を防ぐために、ファイルを Unicode 形式で保存してください。 (ソース ファイルをコンパイルしています ..\SkeletonBatch.cpp)
c:\cocos2d-x_project\editorcocos\cocos2d\cocos\editor-support\spine\skeletonbatch.cpp(95): warning C4996: 'cocos2d::TrianglesCommand::init': が古い形式として宣言されました。
  c:\cocos2d-x_project\editorcocos\cocos2d\cocos\renderer\cctrianglescommand.h(73): note: 'cocos2d::TrianglesCommand::init' の宣言を確認してください
  SkeletonRenderer.cpp
  spine-cocos2dx.cpp
c:\cocos2d-x_project\editorcocos\cocos2d\cocos\base\ccutf8.h : warning C4819: ファイルは、現在のコード ページ (932) で表示できない文字を含んでいます。データの損失を防ぐために、ファイルを Unicode 形式で保存してください。 (ソース ファイルをコンパイルしています ..\spine-cocos2dx.cpp)
c:\cocos2d-x_project\editorcocos\cocos2d\cocos\base\ccutf8.h : warning C4819: ファイルは、現在のコード ページ (932) で表示できない文字を含んでいます。データの損失を防ぐために、ファイルを Unicode 形式で保存してください。 (ソース ファイルをコンパイルしています ..\SkeletonRenderer.cpp)
c:\cocos2d-x_project\editorcocos\cocos2d\cocos\platform\ccsaxparser.h : warning C4819: ファイルは、現在のコード ページ (932) で表示できない文字を含んでいます。データの損失を防ぐために、ファイルを Unicode 形式で保存してください。 (ソース ファイルをコンパイルしています ..\SkeletonRenderer.cpp)
c:\cocos2d-x_project\editorcocos\cocos2d\cocos\platform\ccsaxparser.h : warning C4819: ファイルは、現在のコード ページ (932) で表示できない文字を含んでいます。データの損失を防ぐために、ファイルを Unicode 形式で保存してください。 (ソース ファイルをコンパイルしています ..\spine-cocos2dx.cpp)
  libSpine.vcxproj -> C:\cocos2d-x_Project\editorCocos\proj.win32\Debug.win32\libSpine.lib
